<?xml version="1.0" encoding="UTF-8"?>
<!-- Generated by org.testng.reporters.JUnitXMLReporter -->
<testsuite hostname="OLL-309841" failures="0" tests="3" name="Default test" time="17.431" errors="0" timestamp="31 Aug 2025 04:23:45 GMT">
  <testcase classname="RahulShettyAcademy.tests.StandAloneTest" name="submitOrder" time="3.481"/>
  <testcase classname="RahulShettyAcademy.tests.StandAloneTest" name="submitOrder" time="2.917"/>
  <testcase classname="RahulShettyAcademy.tests.StandAloneTest" name="OrderHistory" time="0.793"/>
</testsuite> <!-- Default test -->
