<?xml version="1.0" encoding="UTF-8"?>
<testng-results total="1" passed="1" failed="0" skipped="0">
  <reporter-output>
  </reporter-output>
  <suite started-at="2025-09-27T17:11:47Z" name="Suite" finished-at="2025-09-27T17:11:50Z" duration-ms="3768">
    <groups>
      <group name="Error Handling">
        <method signature="ErrorValidation.loginErrorValidation()[pri:0, instance:RahulShettyAcademy.tests.ErrorValidation@8519cb4]" name="loginErrorValidation" class="RahulShettyAcademy.tests.ErrorValidation"/>
      </group> <!-- Error Handling -->
    </groups>
    <test started-at="2025-09-27T17:11:47Z" name="SubmitOrder" finished-at="2025-09-27T17:11:47Z" duration-ms="2">
    </test> <!-- SubmitOrder -->
    <test started-at="2025-09-27T17:11:47Z" name="Error Validation" finished-at="2025-09-27T17:11:50Z" duration-ms="3768">
      <class name="RahulShettyAcademy.tests.ErrorValidation">
        <test-method is-config="true" signature="launchApplication()[pri:0, instance:RahulShettyAcademy.tests.ErrorValidation@8519cb4]" started-at="2025-09-27T22:41:47Z" name="launchApplication" finished-at="2025-09-27T22:41:50Z" duration-ms="3179" status="PASS">
          <reporter-output>
          </reporter-output>
        </test-method> <!-- launchApplication -->
        <test-method signature="loginErrorValidation()[pri:0, instance:RahulShettyAcademy.tests.ErrorValidation@8519cb4]" started-at="2025-09-27T22:41:50Z" name="loginErrorValidation" finished-at="2025-09-27T22:41:50Z" duration-ms="487" status="PASS">
          <reporter-output>
          </reporter-output>
        </test-method> <!-- loginErrorValidation -->
        <test-method is-config="true" signature="tearDown()[pri:0, instance:RahulShettyAcademy.tests.ErrorValidation@8519cb4]" started-at="2025-09-27T22:41:50Z" name="tearDown" finished-at="2025-09-27T22:41:50Z" duration-ms="94" status="PASS">
          <reporter-output>
          </reporter-output>
        </test-method> <!-- tearDown -->
      </class> <!-- RahulShettyAcademy.tests.ErrorValidation -->
    </test> <!-- Error Validation -->
  </suite> <!-- Suite -->
</testng-results>
