<?xml version="1.0" encoding="UTF-8"?>
<testng-results total="2" passed="2" failed="0" skipped="0">
  <reporter-output>
  </reporter-output>
  <suite started-at="2025-08-31T06:01:04Z" name="Suite" finished-at="2025-08-31T06:01:19Z" duration-ms="14968">
    <groups>
      <group name="Purchase">
        <method signature="StandAloneTest.submitOrder(java.util.HashMap)[pri:0, instance:RahulShettyAcademy.tests.StandAloneTest@71e9ebae]" name="submitOrder" class="RahulShettyAcademy.tests.StandAloneTest"/>
      </group> <!-- Purchase -->
    </groups>
    <test started-at="2025-08-31T06:01:04Z" name="Error Validation" finished-at="2025-08-31T06:01:05Z" duration-ms="6">
    </test> <!-- Error Validation -->
    <test started-at="2025-08-31T06:01:04Z" name="SubmitOrder" finished-at="2025-08-31T06:01:19Z" duration-ms="14968">
      <class name="RahulShettyAcademy.tests.StandAloneTest">
        <test-method is-config="true" signature="launchApplication()[pri:0, instance:RahulShettyAcademy.tests.StandAloneTest@71e9ebae]" started-at="2025-08-31T11:31:05Z" name="launchApplication" finished-at="2025-08-31T11:31:08Z" duration-ms="3926" status="PASS">
          <reporter-output>
          </reporter-output>
        </test-method> <!-- launchApplication -->
        <test-method signature="submitOrder(java.util.HashMap)[pri:0, instance:RahulShettyAcademy.tests.StandAloneTest@71e9ebae]" started-at="2025-08-31T11:31:08Z" name="submitOrder" data-provider="getData" finished-at="2025-08-31T11:31:12Z" duration-ms="3456" status="PASS">
          <params>
            <param index="0">
              <value>
                <![CDATA[{password=@Neheart1, product=ZARA COAT 3, email=agupta14_be20@thapar.edu}]]>
              </value>
            </param>
          </params>
          <reporter-output>
          </reporter-output>
        </test-method> <!-- submitOrder -->
        <test-method is-config="true" signature="tearDown()[pri:0, instance:RahulShettyAcademy.tests.StandAloneTest@71e9ebae]" started-at="2025-08-31T11:31:12Z" name="tearDown" finished-at="2025-08-31T11:31:12Z" duration-ms="145" status="PASS">
          <reporter-output>
          </reporter-output>
        </test-method> <!-- tearDown -->
        <test-method is-config="true" signature="launchApplication()[pri:0, instance:RahulShettyAcademy.tests.StandAloneTest@71e9ebae]" started-at="2025-08-31T11:31:12Z" name="launchApplication" finished-at="2025-08-31T11:31:16Z" duration-ms="3802" status="PASS">
          <reporter-output>
          </reporter-output>
        </test-method> <!-- launchApplication -->
        <test-method signature="submitOrder(java.util.HashMap)[pri:0, instance:RahulShettyAcademy.tests.StandAloneTest@71e9ebae]" started-at="2025-08-31T11:31:16Z" name="submitOrder" data-provider="getData" finished-at="2025-08-31T11:31:19Z" duration-ms="3500" status="PASS">
          <params>
            <param index="0">
              <value>
                <![CDATA[{password=@Neheart1, product=ADIDAS ORIGINAL, email=anuj76913@gmail.com}]]>
              </value>
            </param>
          </params>
          <reporter-output>
          </reporter-output>
        </test-method> <!-- submitOrder -->
        <test-method is-config="true" signature="tearDown()[pri:0, instance:RahulShettyAcademy.tests.StandAloneTest@71e9ebae]" started-at="2025-08-31T11:31:19Z" name="tearDown" finished-at="2025-08-31T11:31:19Z" duration-ms="109" status="PASS">
          <reporter-output>
          </reporter-output>
        </test-method> <!-- tearDown -->
      </class> <!-- RahulShettyAcademy.tests.StandAloneTest -->
    </test> <!-- SubmitOrder -->
  </suite> <!-- Suite -->
</testng-results>
