<?xml version="1.0" encoding="UTF-8"?>
<!-- Generated by org.testng.reporters.JUnitReportReporter -->
<testsuite hostname="OLL-309841" failures="0" tests="2" name="RahulShettyAcademy.tests.StandAloneTest" time="14.938" errors="0" timestamp="31 Aug 2025 06:01:20 GMT">
  <testcase classname="RahulShettyAcademy.tests.StandAloneTest" name="submitOrder" time="7.527"/>
  <testcase classname="RahulShettyAcademy.tests.StandAloneTest" name="submitOrder" time="7.411"/>
</testsuite> <!-- RahulShettyAcademy.tests.StandAloneTest -->
